<?xml version="1.0" encoding="UTF-8"?>
<!-- Generated by org.testng.reporters.JUnitReportReporter -->
<testsuite hostname="DESKTOP-OOTTLBB" failures="0" tests="3" name="tests.Offline_Control_Mode" time="129.006" errors="0" timestamp="2023-04-05T09:51:30 CET" skipped="0">
  <testcase classname="tests.Offline_Control_Mode" name="CréationSite" time="6.332"/>
  <system-out/>
  <testcase classname="tests.Offline_Control_Mode" name="login" time="21.224"/>
  <system-out/>
  <testcase classname="tests.Offline_Control_Mode" name="Création_Area_Ajout_Device" time="101.450"/>
  <system-out/>
</testsuite> <!-- tests.Offline_Control_Mode -->
