<?xml version="1.0" encoding="UTF-8"?>
<!-- Generated by org.testng.reporters.JUnitReportReporter -->
<testsuite hostname="DESKTOP-OOTTLBB" failures="0" tests="3" name="tests.Offline_Control_Mode" time="44.731" errors="0" timestamp="2023-03-24T11:15:29 CET" skipped="0">
  <testcase classname="tests.Offline_Control_Mode" name="Création_Area" time="17.940"/>
  <system-out/>
  <testcase classname="tests.Offline_Control_Mode" name="login" time="20.682"/>
  <system-out/>
  <testcase classname="tests.Offline_Control_Mode" name="CréationSite" time="6.109"/>
  <system-out/>
</testsuite> <!-- tests.Offline_Control_Mode -->
