<?xml version="1.0" encoding="UTF-8"?>
<!-- Generated by org.testng.reporters.JUnitReportReporter -->
<testsuite hostname="DESKTOP-OOTTLBB" failures="0" tests="1" name="tests.Offline_Authentification" time="24.901" errors="0" timestamp="2023-04-04T09:54:30 CET" skipped="0">
  <testcase classname="tests.Offline_Authentification" name="login" time="24.901"/>
  <system-out/>
</testsuite> <!-- tests.Offline_Authentification -->
