<?xml version="1.0" encoding="UTF-8"?>
<!-- Generated by org.testng.reporters.JUnitReportReporter -->
<testsuite hostname="DESKTOP-OOTTLBB" failures="0" tests="2" name="tests.Création_Site" time="27.966" errors="0" timestamp="2023-03-23T13:51:32 CET" skipped="0">
  <testcase classname="tests.Création_Site" name="login" time="19.758"/>
  <system-out/>
  <testcase classname="tests.Création_Site" name="CréationSite" time="8.208"/>
  <system-out/>
</testsuite> <!-- tests.Création_Site -->
