<?xml version="1.0" encoding="UTF-8"?>
<!-- Generated by org.testng.reporters.JUnitReportReporter -->
<testsuite hostname="DESKTOP-OOTTLBB" failures="0" tests="1" name="tests.Offline_Authentification" time="42.665" errors="0" timestamp="2023-03-29T10:03:05 CET" skipped="0">
  <testcase classname="tests.Offline_Authentification" name="login" time="42.665"/>
  <system-out/>
</testsuite> <!-- tests.Offline_Authentification -->
